User sarawit.dev@ubu.ac.th logged out
User nsc@gmail.com logged in.
User nsc@gmail.com logged out
User nsc@gmail.com logged in.
User nsc@gmail.com logged out
User sarawit.dev@ubu.ac.th logged in.
User sarawit.dev@ubu.ac.th logged out
User sudaphornsahnguandi5488@gmail.com logged out
User sarawit.dev@ubu.ac.th logged in.
User sarawit.dev@ubu.ac.th logged out
User nsc@gmail.com logged in.
User nsc@gmail.com logged out
User sarawit.dev@ubu.ac.th logged in.
User sarawit.dev@ubu.ac.th logged out
User teacher@ubu.ac.th logged in.
User teacher@ubu.ac.th logged out
User sarawit.dev@ubu.ac.th logged in.
User teacher@ubu.ac.th logged in.
User teacher@ubu.ac.th logged in.
User teacher@ubu.ac.th logged in.
User teacher@ubu.ac.th logged in.
User teacher@ubu.ac.th logged in.
User teacher@ubu.ac.th logged in.
User teacher@ubu.ac.th logged out
User sarawit.dev@ubu.ac.th logged in.
User nsc@gmail.com logged in.
User sarawit.dev@ubu.ac.th logged out
User teacher@ubu.ac.th logged in.
User teacher@ubu.ac.th logged out
User teacher@ubu.ac.th logged in.
User teacher@ubu.ac.th logged out
User sarawit.dev@ubu.ac.th logged in.
User teacher@ubu.ac.th logged in.
User teacher@ubu.ac.th logged in.
User teacher@ubu.ac.th logged in.
User teacher@ubu.ac.th logged out
User teacher@ubu.ac.th logged in.
User teacher@ubu.ac.th logged out
User teacher@ubu.ac.th logged in.
User sarawit.dev@ubu.ac.th logged in.
User sarawit.dev@ubu.ac.th logged out
User nsc@gmail.com logged in.
✅ New user registered: th1@gmail.com
User th1@gmail.com logged out
User admin@gmail.com logged in.
User admin@gmail.com logged out
✅ New user registered: test1@gmail.com
User admin@gmail.com logged in.
User admin@gmail.com logged out
User admin@gmail.com logged out
✅ New user registered: test01@gmail.com
User test01@gmail.com logged in.
User test01@gmail.com logged in.
User test01@gmail.com logged out
User admin@gmail.com logged in.
User admin@gmail.com logged out
User th1@gmail.com logged in.
User th1@gmail.com logged out
User test01@gmail.com logged in.
User test01@gmail.com logged in.
User test01@gmail.com logged in.
User test01@gmail.com logged out
User th1@gmail.com logged in.
User th1@gmail.com logged out
User test01@gmail.com logged in.
User test01@gmail.com logged out
User th1@gmail.com logged in.
User th1@gmail.com logged out
User test01@gmail.com logged in.
User test01@gmail.com logged in.
User test01@gmail.com logged out
User admin@gmail.com logged out
✅ New user registered: test02@gmail.com
User test02@gmail.com logged out
User test01@gmail.com logged in.
User test01@gmail.com logged in.
User test01@gmail.com logged out
User test01@gmail.com logged in.
User test01@gmail.com logged in.
User test01@gmail.com logged out
User th1@gmail.com logged in.
User th1@gmail.com logged out
User test01@gmail.com logged in.
User test01@gmail.com logged out
User th1@gmail.com logged in.
User th1@gmail.com logged out
User test01@gmail.com logged in.
